2017-11-16 10:14:30,020 - Initializing Velocity, Calling init()...
2017-11-16 10:14:30,020 - Starting Apache Velocity v1.7 (compiled: 2010-11-19 12:14:37)
2017-11-16 10:14:30,021 - Default Properties File: org/apache/velocity/runtime/defaults/velocity.properties
2017-11-16 10:14:30,021 - Trying to use logger class org.apache.velocity.runtime.log.AvalonLogChute
2017-11-16 10:14:30,021 - Target log system for org.apache.velocity.runtime.log.AvalonLogChute is not available (java.lang.NoClassDefFoundError: org/apache/log/format/Formatter).  Falling back to next log system...
2017-11-16 10:14:30,021 - Trying to use logger class org.apache.velocity.runtime.log.Log4JLogChute
2017-11-16 10:14:30,021 - Using logger class org.apache.velocity.runtime.log.Log4JLogChute
2017-11-16 10:14:30,051 - ResourceLoader instantiated: org.apache.velocity.runtime.resource.loader.ClasspathResourceLoader
2017-11-16 10:14:30,073 - ResourceCache: initialized (class org.apache.velocity.runtime.resource.ResourceCacheImpl) with class java.util.Collections$SynchronizedMap cache map.
2017-11-16 10:14:30,074 - Loaded System Directive: org.apache.velocity.runtime.directive.Stop
2017-11-16 10:14:30,075 - Loaded System Directive: org.apache.velocity.runtime.directive.Define
2017-11-16 10:14:30,075 - Loaded System Directive: org.apache.velocity.runtime.directive.Break
2017-11-16 10:14:30,076 - Loaded System Directive: org.apache.velocity.runtime.directive.Evaluate
2017-11-16 10:14:30,076 - Loaded System Directive: org.apache.velocity.runtime.directive.Literal
2017-11-16 10:14:30,077 - Loaded System Directive: org.apache.velocity.runtime.directive.Macro
2017-11-16 10:14:30,078 - Loaded System Directive: org.apache.velocity.runtime.directive.Parse
2017-11-16 10:14:30,078 - Loaded System Directive: org.apache.velocity.runtime.directive.Include
2017-11-16 10:14:30,079 - Loaded System Directive: org.apache.velocity.runtime.directive.Foreach
2017-11-16 10:14:30,114 - Created '20' parsers.
2017-11-16 10:14:30,121 - Velocimacro : "velocimacro.library" is not set.  Trying default library: VM_global_library.vm
2017-11-16 10:14:30,122 - Could not load resource 'VM_global_library.vm' from ResourceLoader org.apache.velocity.runtime.resource.loader.ClasspathResourceLoader: ClasspathResourceLoader Error: cannot find resource VM_global_library.vm
2017-11-16 10:14:30,122 - Velocimacro : Default library not found.
2017-11-16 10:14:30,122 - Velocimacro : allowInline = true : VMs can be defined inline in templates
2017-11-16 10:14:30,122 - Velocimacro : allowInlineToOverride = false : VMs defined inline may NOT replace previous VM definitions
2017-11-16 10:14:30,122 - Velocimacro : allowInlineLocal = false : VMs defined inline will be global in scope if allowed.
2017-11-16 10:14:30,122 - Velocimacro : autoload off : VM system will not automatically reload global library macros
2017-11-16 10:14:30,143 - ResourceManager : found templates/layout.vtl with loader org.apache.velocity.runtime.resource.loader.ClasspathResourceLoader
2017-11-16 10:14:30,159 - ResourceManager : found templates/readinput.vtl with loader org.apache.velocity.runtime.resource.loader.ClasspathResourceLoader
2017-11-16 10:15:43,173 - Log4JLogChute initialized using file 'velocity.log'
2017-11-16 10:15:43,173 - Initializing Velocity, Calling init()...
2017-11-16 10:15:43,173 - Starting Apache Velocity v1.7 (compiled: 2010-11-19 12:14:37)
2017-11-16 10:15:43,173 - Default Properties File: org/apache/velocity/runtime/defaults/velocity.properties
2017-11-16 10:15:43,173 - Trying to use logger class org.apache.velocity.runtime.log.AvalonLogChute
2017-11-16 10:15:43,173 - Target log system for org.apache.velocity.runtime.log.AvalonLogChute is not available (java.lang.NoClassDefFoundError: org/apache/log/format/Formatter).  Falling back to next log system...
2017-11-16 10:15:43,174 - Trying to use logger class org.apache.velocity.runtime.log.Log4JLogChute
2017-11-16 10:15:43,174 - Using logger class org.apache.velocity.runtime.log.Log4JLogChute
2017-11-16 10:15:43,176 - ResourceLoader instantiated: org.apache.velocity.runtime.resource.loader.ClasspathResourceLoader
2017-11-16 10:15:43,176 - ResourceCache: initialized (class org.apache.velocity.runtime.resource.ResourceCacheImpl) with class java.util.Collections$SynchronizedMap cache map.
2017-11-16 10:15:43,176 - Loaded System Directive: org.apache.velocity.runtime.directive.Stop
2017-11-16 10:15:43,176 - Loaded System Directive: org.apache.velocity.runtime.directive.Define
2017-11-16 10:15:43,176 - Loaded System Directive: org.apache.velocity.runtime.directive.Break
2017-11-16 10:15:43,176 - Loaded System Directive: org.apache.velocity.runtime.directive.Evaluate
2017-11-16 10:15:43,176 - Loaded System Directive: org.apache.velocity.runtime.directive.Literal
2017-11-16 10:15:43,176 - Loaded System Directive: org.apache.velocity.runtime.directive.Macro
2017-11-16 10:15:43,176 - Loaded System Directive: org.apache.velocity.runtime.directive.Parse
2017-11-16 10:15:43,176 - Loaded System Directive: org.apache.velocity.runtime.directive.Include
2017-11-16 10:15:43,176 - Loaded System Directive: org.apache.velocity.runtime.directive.Foreach
2017-11-16 10:15:43,177 - Created '20' parsers.
2017-11-16 10:15:43,177 - Velocimacro : "velocimacro.library" is not set.  Trying default library: VM_global_library.vm
2017-11-16 10:15:43,179 - Could not load resource 'VM_global_library.vm' from ResourceLoader org.apache.velocity.runtime.resource.loader.ClasspathResourceLoader: ClasspathResourceLoader Error: cannot find resource VM_global_library.vm
2017-11-16 10:15:43,179 - Velocimacro : Default library not found.
2017-11-16 10:15:43,179 - Velocimacro : allowInline = true : VMs can be defined inline in templates
2017-11-16 10:15:43,179 - Velocimacro : allowInlineToOverride = false : VMs defined inline may NOT replace previous VM definitions
2017-11-16 10:15:43,179 - Velocimacro : allowInlineLocal = false : VMs defined inline will be global in scope if allowed.
2017-11-16 10:15:43,179 - Velocimacro : autoload off : VM system will not automatically reload global library macros
2017-11-16 10:15:43,180 - ResourceManager : found templates/layout.vtl with loader org.apache.velocity.runtime.resource.loader.ClasspathResourceLoader
2017-11-16 10:15:43,208 - ResourceManager : found templates/makedictionary.vtl with loader org.apache.velocity.runtime.resource.loader.ClasspathResourceLoader
2017-11-16 10:17:13,676 - Log4JLogChute initialized using file 'velocity.log'
2017-11-16 10:17:13,676 - Initializing Velocity, Calling init()...
2017-11-16 10:17:13,676 - Starting Apache Velocity v1.7 (compiled: 2010-11-19 12:14:37)
2017-11-16 10:17:13,676 - Default Properties File: org/apache/velocity/runtime/defaults/velocity.properties
2017-11-16 10:17:13,676 - Trying to use logger class org.apache.velocity.runtime.log.AvalonLogChute
2017-11-16 10:17:13,676 - Target log system for org.apache.velocity.runtime.log.AvalonLogChute is not available (java.lang.NoClassDefFoundError: org/apache/log/format/Formatter).  Falling back to next log system...
2017-11-16 10:17:13,676 - Trying to use logger class org.apache.velocity.runtime.log.Log4JLogChute
2017-11-16 10:17:13,676 - Using logger class org.apache.velocity.runtime.log.Log4JLogChute
2017-11-16 10:17:13,677 - ResourceLoader instantiated: org.apache.velocity.runtime.resource.loader.ClasspathResourceLoader
2017-11-16 10:17:13,677 - ResourceCache: initialized (class org.apache.velocity.runtime.resource.ResourceCacheImpl) with class java.util.Collections$SynchronizedMap cache map.
2017-11-16 10:17:13,677 - Loaded System Directive: org.apache.velocity.runtime.directive.Stop
2017-11-16 10:17:13,677 - Loaded System Directive: org.apache.velocity.runtime.directive.Define
2017-11-16 10:17:13,677 - Loaded System Directive: org.apache.velocity.runtime.directive.Break
2017-11-16 10:17:13,677 - Loaded System Directive: org.apache.velocity.runtime.directive.Evaluate
2017-11-16 10:17:13,677 - Loaded System Directive: org.apache.velocity.runtime.directive.Literal
2017-11-16 10:17:13,677 - Loaded System Directive: org.apache.velocity.runtime.directive.Macro
2017-11-16 10:17:13,677 - Loaded System Directive: org.apache.velocity.runtime.directive.Parse
2017-11-16 10:17:13,677 - Loaded System Directive: org.apache.velocity.runtime.directive.Include
2017-11-16 10:17:13,677 - Loaded System Directive: org.apache.velocity.runtime.directive.Foreach
2017-11-16 10:17:13,678 - Created '20' parsers.
2017-11-16 10:17:13,678 - Velocimacro : "velocimacro.library" is not set.  Trying default library: VM_global_library.vm
2017-11-16 10:17:13,679 - Could not load resource 'VM_global_library.vm' from ResourceLoader org.apache.velocity.runtime.resource.loader.ClasspathResourceLoader: ClasspathResourceLoader Error: cannot find resource VM_global_library.vm
2017-11-16 10:17:13,679 - Velocimacro : Default library not found.
2017-11-16 10:17:13,679 - Velocimacro : allowInline = true : VMs can be defined inline in templates
2017-11-16 10:17:13,679 - Velocimacro : allowInlineToOverride = false : VMs defined inline may NOT replace previous VM definitions
2017-11-16 10:17:13,679 - Velocimacro : allowInlineLocal = false : VMs defined inline will be global in scope if allowed.
2017-11-16 10:17:13,679 - Velocimacro : autoload off : VM system will not automatically reload global library macros
2017-11-16 10:17:13,679 - ResourceManager : found templates/layout.vtl with loader org.apache.velocity.runtime.resource.loader.ClasspathResourceLoader
2017-11-16 10:17:13,721 - ResourceManager : found templates/testclassification.vtl with loader org.apache.velocity.runtime.resource.loader.ClasspathResourceLoader
2017-11-16 10:17:55,131 - Log4JLogChute initialized using file 'velocity.log'
2017-11-16 10:17:55,132 - Initializing Velocity, Calling init()...
2017-11-16 10:17:55,132 - Starting Apache Velocity v1.7 (compiled: 2010-11-19 12:14:37)
2017-11-16 10:17:55,132 - Default Properties File: org/apache/velocity/runtime/defaults/velocity.properties
2017-11-16 10:17:55,132 - Trying to use logger class org.apache.velocity.runtime.log.AvalonLogChute
2017-11-16 10:17:55,132 - Target log system for org.apache.velocity.runtime.log.AvalonLogChute is not available (java.lang.NoClassDefFoundError: org/apache/log/format/Formatter).  Falling back to next log system...
2017-11-16 10:17:55,132 - Trying to use logger class org.apache.velocity.runtime.log.Log4JLogChute
2017-11-16 10:17:55,132 - Using logger class org.apache.velocity.runtime.log.Log4JLogChute
2017-11-16 10:17:55,132 - ResourceLoader instantiated: org.apache.velocity.runtime.resource.loader.ClasspathResourceLoader
2017-11-16 10:17:55,132 - ResourceCache: initialized (class org.apache.velocity.runtime.resource.ResourceCacheImpl) with class java.util.Collections$SynchronizedMap cache map.
2017-11-16 10:17:55,132 - Loaded System Directive: org.apache.velocity.runtime.directive.Stop
2017-11-16 10:17:55,132 - Loaded System Directive: org.apache.velocity.runtime.directive.Define
2017-11-16 10:17:55,132 - Loaded System Directive: org.apache.velocity.runtime.directive.Break
2017-11-16 10:17:55,132 - Loaded System Directive: org.apache.velocity.runtime.directive.Evaluate
2017-11-16 10:17:55,132 - Loaded System Directive: org.apache.velocity.runtime.directive.Literal
2017-11-16 10:17:55,132 - Loaded System Directive: org.apache.velocity.runtime.directive.Macro
2017-11-16 10:17:55,132 - Loaded System Directive: org.apache.velocity.runtime.directive.Parse
2017-11-16 10:17:55,132 - Loaded System Directive: org.apache.velocity.runtime.directive.Include
2017-11-16 10:17:55,132 - Loaded System Directive: org.apache.velocity.runtime.directive.Foreach
2017-11-16 10:17:55,133 - Created '20' parsers.
2017-11-16 10:17:55,133 - Velocimacro : "velocimacro.library" is not set.  Trying default library: VM_global_library.vm
2017-11-16 10:17:55,133 - Could not load resource 'VM_global_library.vm' from ResourceLoader org.apache.velocity.runtime.resource.loader.ClasspathResourceLoader: ClasspathResourceLoader Error: cannot find resource VM_global_library.vm
2017-11-16 10:17:55,133 - Velocimacro : Default library not found.
2017-11-16 10:17:55,134 - Velocimacro : allowInline = true : VMs can be defined inline in templates
2017-11-16 10:17:55,134 - Velocimacro : allowInlineToOverride = false : VMs defined inline may NOT replace previous VM definitions
2017-11-16 10:17:55,134 - Velocimacro : allowInlineLocal = false : VMs defined inline will be global in scope if allowed.
2017-11-16 10:17:55,134 - Velocimacro : autoload off : VM system will not automatically reload global library macros
2017-11-16 10:17:55,134 - ResourceManager : found templates/layout.vtl with loader org.apache.velocity.runtime.resource.loader.ClasspathResourceLoader
2017-11-16 10:17:55,155 - ResourceManager : found templates/testsingle.vtl with loader org.apache.velocity.runtime.resource.loader.ClasspathResourceLoader
2017-11-16 10:18:09,410 - Log4JLogChute initialized using file 'velocity.log'
2017-11-16 10:18:09,412 - Initializing Velocity, Calling init()...
2017-11-16 10:18:09,413 - Starting Apache Velocity v1.7 (compiled: 2010-11-19 12:14:37)
2017-11-16 10:18:09,413 - Default Properties File: org/apache/velocity/runtime/defaults/velocity.properties
2017-11-16 10:18:09,413 - Trying to use logger class org.apache.velocity.runtime.log.AvalonLogChute
2017-11-16 10:18:09,413 - Target log system for org.apache.velocity.runtime.log.AvalonLogChute is not available (java.lang.NoClassDefFoundError: org/apache/log/format/Formatter).  Falling back to next log system...
2017-11-16 10:18:09,413 - Trying to use logger class org.apache.velocity.runtime.log.Log4JLogChute
2017-11-16 10:18:09,413 - Using logger class org.apache.velocity.runtime.log.Log4JLogChute
2017-11-16 10:18:09,413 - ResourceLoader instantiated: org.apache.velocity.runtime.resource.loader.ClasspathResourceLoader
2017-11-16 10:18:09,413 - ResourceCache: initialized (class org.apache.velocity.runtime.resource.ResourceCacheImpl) with class java.util.Collections$SynchronizedMap cache map.
2017-11-16 10:18:09,413 - Loaded System Directive: org.apache.velocity.runtime.directive.Stop
2017-11-16 10:18:09,413 - Loaded System Directive: org.apache.velocity.runtime.directive.Define
2017-11-16 10:18:09,413 - Loaded System Directive: org.apache.velocity.runtime.directive.Break
2017-11-16 10:18:09,413 - Loaded System Directive: org.apache.velocity.runtime.directive.Evaluate
2017-11-16 10:18:09,414 - Loaded System Directive: org.apache.velocity.runtime.directive.Literal
2017-11-16 10:18:09,414 - Loaded System Directive: org.apache.velocity.runtime.directive.Macro
2017-11-16 10:18:09,414 - Loaded System Directive: org.apache.velocity.runtime.directive.Parse
2017-11-16 10:18:09,414 - Loaded System Directive: org.apache.velocity.runtime.directive.Include
2017-11-16 10:18:09,414 - Loaded System Directive: org.apache.velocity.runtime.directive.Foreach
2017-11-16 10:18:09,415 - Created '20' parsers.
2017-11-16 10:18:09,415 - Velocimacro : "velocimacro.library" is not set.  Trying default library: VM_global_library.vm
2017-11-16 10:18:09,415 - Could not load resource 'VM_global_library.vm' from ResourceLoader org.apache.velocity.runtime.resource.loader.ClasspathResourceLoader: ClasspathResourceLoader Error: cannot find resource VM_global_library.vm
2017-11-16 10:18:09,416 - Velocimacro : Default library not found.
2017-11-16 10:18:09,416 - Velocimacro : allowInline = true : VMs can be defined inline in templates
2017-11-16 10:18:09,416 - Velocimacro : allowInlineToOverride = false : VMs defined inline may NOT replace previous VM definitions
2017-11-16 10:18:09,416 - Velocimacro : allowInlineLocal = false : VMs defined inline will be global in scope if allowed.
2017-11-16 10:18:09,416 - Velocimacro : autoload off : VM system will not automatically reload global library macros
2017-11-16 10:18:09,416 - ResourceManager : found templates/layout.vtl with loader org.apache.velocity.runtime.resource.loader.ClasspathResourceLoader
2017-11-16 10:18:09,432 - ResourceManager : found templates/resulttestsingle.vtl with loader org.apache.velocity.runtime.resource.loader.ClasspathResourceLoader
2017-11-16 10:18:16,225 - ResourceManager : found templates/layout.vtl with loader org.apache.velocity.runtime.resource.loader.ClasspathResourceLoader
2017-11-16 10:18:16,226 - ResourceManager : found templates/testsingle.vtl with loader org.apache.velocity.runtime.resource.loader.ClasspathResourceLoader
2017-11-16 10:18:27,921 - ResourceManager : found templates/layout.vtl with loader org.apache.velocity.runtime.resource.loader.ClasspathResourceLoader
2017-11-16 10:18:27,922 - ResourceManager : found templates/resulttestsingle.vtl with loader org.apache.velocity.runtime.resource.loader.ClasspathResourceLoader
2017-11-16 10:18:32,215 - ResourceManager : found templates/layout.vtl with loader org.apache.velocity.runtime.resource.loader.ClasspathResourceLoader
2017-11-16 10:18:32,216 - ResourceManager : found templates/testsingle.vtl with loader org.apache.velocity.runtime.resource.loader.ClasspathResourceLoader
2017-11-16 10:18:42,666 - ResourceManager : found templates/layout.vtl with loader org.apache.velocity.runtime.resource.loader.ClasspathResourceLoader
2017-11-16 10:18:42,673 - ResourceManager : found templates/resulttestsingle.vtl with loader org.apache.velocity.runtime.resource.loader.ClasspathResourceLoader
2017-11-16 10:18:55,832 - ResourceManager : found templates/layout.vtl with loader org.apache.velocity.runtime.resource.loader.ClasspathResourceLoader
2017-11-16 10:18:55,832 - ResourceManager : found templates/testsingle.vtl with loader org.apache.velocity.runtime.resource.loader.ClasspathResourceLoader
2017-11-16 10:19:05,970 - ResourceManager : found templates/layout.vtl with loader org.apache.velocity.runtime.resource.loader.ClasspathResourceLoader
2017-11-16 10:19:05,971 - ResourceManager : found templates/resulttestsingle.vtl with loader org.apache.velocity.runtime.resource.loader.ClasspathResourceLoader
2017-11-16 10:19:08,990 - ResourceManager : found templates/layout.vtl with loader org.apache.velocity.runtime.resource.loader.ClasspathResourceLoader
2017-11-16 10:19:08,991 - ResourceManager : found templates/testsingle.vtl with loader org.apache.velocity.runtime.resource.loader.ClasspathResourceLoader
2017-11-16 10:19:21,519 - ResourceManager : found templates/layout.vtl with loader org.apache.velocity.runtime.resource.loader.ClasspathResourceLoader
2017-11-16 10:19:21,520 - ResourceManager : found templates/resulttestsingle.vtl with loader org.apache.velocity.runtime.resource.loader.ClasspathResourceLoader
2017-11-16 10:19:25,410 - ResourceManager : found templates/layout.vtl with loader org.apache.velocity.runtime.resource.loader.ClasspathResourceLoader
2017-11-16 10:19:25,411 - ResourceManager : found templates/testsingle.vtl with loader org.apache.velocity.runtime.resource.loader.ClasspathResourceLoader
e.velocity.runtime.directive.Foreach
2017-11-16 10:17:55,132 - Loaded System Directive: org.apache.velocity.runtime.directive.Foreach
2017-11-16 10:17:55,132 - Loaded System Directive: org.apache.velocity.runtime.directive.Foreach
2017-11-16 10:17:55,133 - Created '20' parsers.
2017-11-16 10:17:55,133 - Created '20' parsers.
2017-11-16 10:17:55,133 - Created '20' parsers.
2017-11-16 10:17:55,133 - Velocimacro : "velocimacro.library" is not set.  Trying default library: VM_global_library.vm
2017-11-16 10:17:55,133 - Velocimacro : "velocimacro.library" is not set.  Trying default library: VM_global_library.vm
2017-11-16 10:17:55,133 - Velocimacro : "velocimacro.library" is not set.  Trying default library: VM_global_library.vm
2017-11-16 10:17:55,133 - Could not load resource 'VM_global_library.vm' from ResourceLoader org.apache.velocity.runtime.resource.loader.ClasspathResourceLoader: ClasspathResourceLoader Error: cannot find resource VM_global_library.vm
2017-11-16 10:17:55,133 - Could not load resource 'VM_global_library.vm' from ResourceLoader org.apache.velocity.runtime.resource.loader.ClasspathResourceLoader: ClasspathResourceLoader Error: cannot find resource VM_global_library.vm
2017-11-16 10:17:55,133 - Could not load resource 'VM_global_library.vm' from ResourceLoader org.apache.velocity.runtime.resource.loader.ClasspathResourceLoader: ClasspathResourceLoader Error: cannot find resource VM_global_library.vm
2017-11-16 10:17:55,133 - Velocimacro : Default library not found.
2017-11-16 10:17:55,133 - Velocimacro : Default library not found.
2017-11-16 10:17:55,133 - Velocimacro : Default library not found.
2017-11-16 10:17:55,134 - Velocimacro : allowInline = true : VMs can be defined inline in templates
2017-11-16 10:17:55,134 - Velocimacro : allowInline = true : VMs can be defined inline in templates
2017-11-16 10:17:55,134 - Velocimacro : allowInline = true : VMs can be defined inline in templates
2017-11-16 10:17:55,134 - Velocimacro : allowInlineToOverride = false : VMs defined inline may NOT replace previous VM definitions
2017-11-16 10:17:55,134 - Velocimacro : allowInlineToOverride = false : VMs defined inline may NOT replace previous VM definitions
2017-11-16 10:17:55,134 - Velocimacro : allowInlineToOverride = false : VMs defined inline may NOT replace previous VM definitions
2017-11-16 10:17:55,134 - Velocimacro : allowInlineLocal = false : VMs defined inline will be global in scope if allowed.
2017-11-16 10:17:55,134 - Velocimacro : allowInlineLocal = false : VMs defined inline will be global in scope if allowed.
2017-11-16 10:17:55,134 - Velocimacro : allowInlineLocal = false : VMs defined inline will be global in scope if allowed.
2017-11-16 10:17:55,134 - Velocimacro : autoload off : VM system will not automatically reload global library macros
2017-11-16 10:17:55,134 - Velocimacro : autoload off : VM system will not automatically reload global library macros
2017-11-16 10:17:55,134 - Velocimacro : autoload off : VM system will not automatically reload global library macros
2017-11-16 10:17:55,134 - ResourceManager : found templates/layout.vtl with loader org.apache.velocity.runtime.resource.loader.ClasspathResourceLoader
2017-11-16 10:17:55,134 - ResourceManager : found templates/layout.vtl with loader org.apache.velocity.runtime.resource.loader.ClasspathResourceLoader
2017-11-16 10:17:55,134 - ResourceManager : found templates/layout.vtl with loader org.apache.velocity.runtime.resource.loader.ClasspathResourceLoader
2017-11-16 10:17:55,155 - ResourceManager : found templates/testsingle.vtl with loader org.apache.velocity.runtime.resource.loader.ClasspathResourceLoader
2017-11-16 10:17:55,155 - ResourceManager : found templates/testsingle.vtl with loader org.apache.velocity.runtime.resource.loader.ClasspathResourceLoader
2017-11-16 10:17:55,155 - ResourceManager : found templates/testsingle.vtl with loader org.apache.velocity.runtime.resource.loader.ClasspathResourceLoader
2017-11-16 10:18:09,410 - Log4JLogChute initialized using file 'velocity.log'
2017-11-16 10:18:09,410 - Log4JLogChute initialized using file 'velocity.log'
2017-11-16 10:18:09,410 - Log4JLogChute initialized using file 'velocity.log'
2017-11-16 10:18:09,410 - Log4JLogChute initialized using file 'velocity.log'
2017-11-16 10:18:09,412 - Initializing Velocity, Calling init()...
2017-11-16 10:18:09,412 - Initializing Velocity, Calling init()...
2017-11-16 10:18:09,412 - Initializing Velocity, Calling init()...
2017-11-16 10:18:09,412 - Initializing Velocity, Calling init()...
2017-11-16 10:18:09,413 - Starting Apache Velocity v1.7 (compiled: 2010-11-19 12:14:37)
2017-11-16 10:18:09,413 - Starting Apache Velocity v1.7 (compiled: 2010-11-19 12:14:37)
2017-11-16 10:18:09,413 - Starting Apache Velocity v1.7 (compiled: 2010-11-19 12:14:37)
2017-11-16 10:18:09,413 - Starting Apache Velocity v1.7 (compiled: 2010-11-19 12:14:37)
2017-11-16 10:18:09,413 - Default Properties File: org/apache/velocity/runtime/defaults/velocity.properties
2017-11-16 10:18:09,413 - Default Properties File: org/apache/velocity/runtime/defaults/velocity.properties
2017-11-16 10:18:09,413 - Default Properties File: org/apache/velocity/runtime/defaults/velocity.properties
2017-11-16 10:18:09,413 - Default Properties File: org/apache/velocity/runtime/defaults/velocity.properties
2017-11-16 10:18:09,413 - Trying to use logger class org.apache.velocity.runtime.log.AvalonLogChute
2017-11-16 10:18:09,413 - Trying to use logger class org.apache.velocity.runtime.log.AvalonLogChute
2017-11-16 10:18:09,413 - Trying to use logger class org.apache.velocity.runtime.log.AvalonLogChute
2017-11-16 10:18:09,413 - Trying to use logger class org.apache.velocity.runtime.log.AvalonLogChute
2017-11-16 10:18:09,413 - Target log system for org.apache.velocity.runtime.log.AvalonLogChute is not available (java.lang.NoClassDefFoundError: org/apache/log/format/Formatter).  Falling back to next log system...
2017-11-16 10:18:09,413 - Target log system for org.apache.velocity.runtime.log.AvalonLogChute is not available (java.lang.NoClassDefFoundError: org/apache/log/format/Formatter).  Falling back to next log system...
2017-11-16 10:18:09,413 - Target log system for org.apache.velocity.runtime.log.AvalonLogChute is not available (java.lang.NoClassDefFoundError: org/apache/log/format/Formatter).  Falling back to next log system...
2017-11-16 10:18:09,413 - Target log system for org.apache.velocity.runtime.log.AvalonLogChute is not available (java.lang.NoClassDefFoundError: org/apache/log/format/Formatter).  Falling back to next log system...
2017-11-16 10:18:09,413 - Trying to use logger class org.apache.velocity.runtime.log.Log4JLogChute
2017-11-16 10:18:09,413 - Trying to use logger class org.apache.velocity.runtime.log.Log4JLogChute
2017-11-16 10:18:09,413 - Trying to use logger class org.apache.velocity.runtime.log.Log4JLogChute
2017-11-16 10:18:09,413 - Trying to use logger class org.apache.velocity.runtime.log.Log4JLogChute
2017-11-16 10:18:09,413 - Using logger class org.apache.velocity.runtime.log.Log4JLogChute
2017-11-16 10:18:09,413 - Using logger class org.apache.velocity.runtime.log.Log4JLogChute
2017-11-16 10:18:09,413 - Using logger class org.apache.velocity.runtime.log.Log4JLogChute
2017-11-16 10:18:09,413 - Using logger class org.apache.velocity.runtime.log.Log4JLogChute
2017-11-16 10:18:09,413 - ResourceLoader instantiated: org.apache.velocity.runtime.resource.loader.ClasspathResourceLoader
2017-11-16 10:18:09,413 - ResourceLoader instantiated: org.apache.velocity.runtime.resource.loader.ClasspathResourceLoader
2017-11-16 10:18:09,413 - ResourceLoader instantiated: org.apache.velocity.runtime.resource.loader.ClasspathResourceLoader
2017-11-16 10:18:09,413 - ResourceLoader instantiated: org.apache.velocity.runtime.resource.loader.ClasspathResourceLoader
2017-11-16 10:18:09,413 - ResourceCache: initialized (class org.apache.velocity.runtime.resource.ResourceCacheImpl) with class java.util.Collections$SynchronizedMap cache map.
2017-11-16 10:18:09,413 - ResourceCache: initialized (class org.apache.velocity.runtime.resource.ResourceCacheImpl) with class java.util.Collections$SynchronizedMap cache map.
2017-11-16 10:18:09,413 - ResourceCache: initialized (class org.apache.velocity.runtime.resource.ResourceCacheImpl) with class java.util.Collections$SynchronizedMap cache map.
2017-11-16 10:18:09,413 - ResourceCache: initialized (class org.apache.velocity.runtime.resource.ResourceCacheImpl) with class java.util.Collections$SynchronizedMap cache map.
2017-11-16 10:18:09,413 - Loaded System Directive: org.apache.velocity.runtime.directive.Stop
2017-11-16 10:18:09,413 - Loaded System Directive: org.apache.velocity.runtime.directive.Stop
2017-11-16 10:18:09,413 - Loaded System Directive: org.apache.velocity.runtime.directive.Stop
2017-11-16 10:18:09,413 - Loaded System Directive: org.apache.velocity.runtime.directive.Stop
2017-11-16 10:18:09,413 - Loaded System Directive: org.apache.velocity.runtime.directive.Define
2017-11-16 10:18:09,413 - Loaded System Directive: org.apache.velocity.runtime.directive.Define
2017-11-16 10:18:09,413 - Loaded System Directive: org.apache.velocity.runtime.directive.Define
2017-11-16 10:18:09,413 - Loaded System Directive: org.apache.velocity.runtime.directive.Define
2017-11-16 10:18:09,413 - Loaded System Directive: org.apache.velocity.runtime.directive.Break
2017-11-16 10:18:09,413 - Loaded System Directive: org.apache.velocity.runtime.directive.Break
2017-11-16 10:18:09,413 - Loaded System Directive: org.apache.velocity.runtime.directive.Break
2017-11-16 10:18:09,413 - Loaded System Directive: org.apache.velocity.runtime.directive.Break
2017-11-16 10:18:09,413 - Loaded System Directive: org.apache.velocity.runtime.directive.Evaluate
2017-11-16 10:18:09,413 - Loaded System Directive: org.apache.velocity.runtime.directive.Evaluate
2017-11-16 10:18:09,413 - Loaded System Directive: org.apache.velocity.runtime.directive.Evaluate
2017-11-16 10:18:09,413 - Loaded System Directive: org.apache.velocity.runtime.directive.Evaluate
2017-11-16 10:18:09,414 - Loaded System Directive: org.apache.velocity.runtime.directive.Literal
2017-11-16 10:18:09,414 - Loaded System Directive: org.apache.velocity.runtime.directive.Literal
2017-11-16 10:18:09,414 - Loaded System Directive: org.apache.velocity.runtime.directive.Literal
2017-11-16 10:18:09,414 - Loaded System Directive: org.apache.velocity.runtime.directive.Literal
2017-11-16 10:18:09,414 - Loaded System Directive: org.apache.velocity.runtime.directive.Macro
2017-11-16 10:18:09,414 - Loaded System Directive: org.apache.velocity.runtime.directive.Macro
2017-11-16 10:18:09,414 - Loaded System Directive: org.apache.velocity.runtime.directive.Macro
2017-11-16 10:18:09,414 - Loaded System Directive: org.apache.velocity.runtime.directive.Macro
2017-11-16 10:18:09,414 - Loaded System Directive: org.apache.velocity.runtime.directive.Parse
2017-11-16 10:18:09,414 - Loaded System Directive: org.apache.velocity.runtime.directive.Parse
2017-11-16 10:18:09,414 - Loaded System Directive: org.apache.velocity.runtime.directive.Parse
2017-11-16 10:18:09,414 - Loaded System Directive: org.apache.velocity.runtime.directive.Parse
2017-11-16 10:18:09,414 - Loaded System Directive: org.apache.velocity.runtime.directive.Include
2017-11-16 10:18:09,414 - Loaded System Directive: org.apache.velocity.runtime.directive.Include
2017-11-16 10:18:09,414 - Loaded System Directive: org.apache.velocity.runtime.directive.Include
2017-11-16 10:18:09,414 - Loaded System Directive: org.apache.velocity.runtime.directive.Include
2017-11-16 10:18:09,414 - Loaded System Directive: org.apache.velocity.runtime.directive.Foreach
2017-11-16 10:18:09,414 - Loaded System Directive: org.apache.velocity.runtime.directive.Foreach
2017-11-16 10:18:09,414 - Loaded System Directive: org.apache.velocity.runtime.directive.Foreach
2017-11-16 10:18:09,414 - Loaded System Directive: org.apache.velocity.runtime.directive.Foreach
2017-11-16 10:18:09,415 - Created '20' parsers.
2017-11-16 10:18:09,415 - Created '20' parsers.
2017-11-16 10:18:09,415 - Created '20' parsers.
2017-11-16 10:18:09,415 - Created '20' parsers.
2017-11-16 10:18:09,415 - Velocimacro : "velocimacro.library" is not set.  Trying default library: VM_global_library.vm
2017-11-16 10:18:09,415 - Velocimacro : "velocimacro.library" is not set.  Trying default library: VM_global_library.vm
2017-11-16 10:18:09,415 - Velocimacro : "velocimacro.library" is not set.  Trying default library: VM_global_library.vm
2017-11-16 10:18:09,415 - Velocimacro : "velocimacro.library" is not set.  Trying default library: VM_global_library.vm
2017-11-16 10:18:09,415 - Could not load resource 'VM_global_library.vm' from ResourceLoader org.apache.velocity.runtime.resource.loader.ClasspathResourceLoader: ClasspathResourceLoader Error: cannot find resource VM_global_library.vm
2017-11-16 10:18:09,415 - Could not load resource 'VM_global_library.vm' from ResourceLoader org.apache.velocity.runtime.resource.loader.ClasspathResourceLoader: ClasspathResourceLoader Error: cannot find resource VM_global_library.vm
2017-11-16 10:18:09,415 - Could not load resource 'VM_global_library.vm' from ResourceLoader org.apache.velocity.runtime.resource.loader.ClasspathResourceLoader: ClasspathResourceLoader Error: cannot find resource VM_global_library.vm
2017-11-16 10:18:09,415 - Could not load resource 'VM_global_library.vm' from ResourceLoader org.apache.velocity.runtime.resource.loader.ClasspathResourceLoader: ClasspathResourceLoader Error: cannot find resource VM_global_library.vm
2017-11-16 10:18:09,416 - Velocimacro : Default library not found.
2017-11-16 10:18:09,416 - Velocimacro : Default library not found.
2017-11-16 10:18:09,416 - Velocimacro : Default library not found.
2017-11-16 10:18:09,416 - Velocimacro : Default library not found.
2017-11-16 10:18:09,416 - Velocimacro : allowInline = true : VMs can be defined inline in templates
2017-11-16 10:18:09,416 - Velocimacro : allowInline = true : VMs can be defined inline in templates
2017-11-16 10:18:09,416 - Velocimacro : allowInline = true : VMs can be defined inline in templates
2017-11-16 10:18:09,416 - Velocimacro : allowInline = true : VMs can be defined inline in templates
2017-11-16 10:18:09,416 - Velocimacro : allowInlineToOverride = false : VMs defined inline may NOT replace previous VM definitions
2017-11-16 10:18:09,416 - Velocimacro : allowInlineToOverride = false : VMs defined inline may NOT replace previous VM definitions
2017-11-16 10:18:09,416 - Velocimacro : allowInlineToOverride = false : VMs defined inline may NOT replace previous VM definitions
2017-11-16 10:18:09,416 - Velocimacro : allowInlineToOverride = false : VMs defined inline may NOT replace previous VM definitions
2017-11-16 10:18:09,416 - Velocimacro : allowInlineLocal = false : VMs defined inline will be global in scope if allowed.
2017-11-16 10:18:09,416 - Velocimacro : allowInlineLocal = false : VMs defined inline will be global in scope if allowed.
2017-11-16 10:18:09,416 - Velocimacro : allowInlineLocal = false : VMs defined inline will be global in scope if allowed.
2017-11-16 10:18:09,416 - Velocimacro : allowInlineLocal = false : VMs defined inline will be global in scope if allowed.
2017-11-16 10:18:09,416 - Velocimacro : autoload off : VM system will not automatically reload global library macros
2017-11-16 10:18:09,416 - Velocimacro : autoload off : VM system will not automatically reload global library macros
2017-11-16 10:18:09,416 - Velocimacro : autoload off : VM system will not automatically reload global library macros
2017-11-16 10:18:09,416 - Velocimacro : autoload off : VM system will not automatically reload global library macros
2017-11-16 10:18:09,416 - ResourceManager : found templates/layout.vtl with loader org.apache.velocity.runtime.resource.loader.ClasspathResourceLoader
2017-11-16 10:18:09,416 - ResourceManager : found templates/layout.vtl with loader org.apache.velocity.runtime.resource.loader.ClasspathResourceLoader
2017-11-16 10:18:09,416 - ResourceManager : found templates/layout.vtl with loader org.apache.velocity.runtime.resource.loader.ClasspathResourceLoader
2017-11-16 10:18:09,416 - ResourceManager : found templates/layout.vtl with loader org.apache.velocity.runtime.resource.loader.ClasspathResourceLoader
2017-11-16 10:18:09,432 - ResourceManager : found templates/resulttestsingle.vtl with loader org.apache.velocity.runtime.resource.loader.ClasspathResourceLoader
2017-11-16 10:18:09,432 - ResourceManager : found templates/resulttestsingle.vtl with loader org.apache.velocity.runtime.resource.loader.ClasspathResourceLoader
2017-11-16 10:18:09,432 - ResourceManager : found templates/resulttestsingle.vtl with loader org.apache.velocity.runtime.resource.loader.ClasspathResourceLoader
2017-11-16 10:18:09,432 - ResourceManager : found templates/resulttestsingle.vtl with loader org.apache.velocity.runtime.resource.loader.ClasspathResourceLoader
2017-11-16 10:18:16,225 - ResourceManager : found templates/layout.vtl with loader org.apache.velocity.runtime.resource.loader.ClasspathResourceLoader
2017-11-16 10:18:16,225 - ResourceManager : found templates/layout.vtl with loader org.apache.velocity.runtime.resource.loader.ClasspathResourceLoader
2017-11-16 10:18:16,225 - ResourceManager : found templates/layout.vtl with loader org.apache.velocity.runtime.resource.loader.ClasspathResourceLoader
2017-11-16 10:18:16,225 - ResourceManager : found templates/layout.vtl with loader org.apache.velocity.runtime.resource.loader.ClasspathResourceLoader
2017-11-16 10:18:16,226 - ResourceManager : found templates/testsingle.vtl with loader org.apache.velocity.runtime.resource.loader.ClasspathResourceLoader
2017-11-16 10:18:16,226 - ResourceManager : found templates/testsingle.vtl with loader org.apache.velocity.runtime.resource.loader.ClasspathResourceLoader
2017-11-16 10:18:16,226 - ResourceManager : found templates/testsingle.vtl with loader org.apache.velocity.runtime.resource.loader.ClasspathResourceLoader
2017-11-16 10:18:16,226 - ResourceManager : found templates/testsingle.vtl with loader org.apache.velocity.runtime.resource.loader.ClasspathResourceLoader
2017-11-16 10:18:27,921 - ResourceManager : found templates/layout.vtl with loader org.apache.velocity.runtime.resource.loader.ClasspathResourceLoader
2017-11-16 10:18:27,921 - ResourceManager : found templates/layout.vtl with loader org.apache.velocity.runtime.resource.loader.ClasspathResourceLoader
2017-11-16 10:18:27,921 - ResourceManager : found templates/layout.vtl with loader org.apache.velocity.runtime.resource.loader.ClasspathResourceLoader
2017-11-16 10:18:27,921 - ResourceManager : found templates/layout.vtl with loader org.apache.velocity.runtime.resource.loader.ClasspathResourceLoader
2017-11-16 10:18:27,922 - ResourceManager : found templates/resulttestsingle.vtl with loader org.apache.velocity.runtime.resource.loader.ClasspathResourceLoader
2017-11-16 10:18:27,922 - ResourceManager : found templates/resulttestsingle.vtl with loader org.apache.velocity.runtime.resource.loader.ClasspathResourceLoader
2017-11-16 10:18:27,922 - ResourceManager : found templates/resulttestsingle.vtl with loader org.apache.velocity.runtime.resource.loader.ClasspathResourceLoader
2017-11-16 10:18:27,922 - ResourceManager : found templates/resulttestsingle.vtl with loader org.apache.velocity.runtime.resource.loader.ClasspathResourceLoader
2017-11-16 10:18:32,215 - ResourceManager : found templates/layout.vtl with loader org.apache.velocity.runtime.resource.loader.ClasspathResourceLoader
2017-11-16 10:18:32,215 - ResourceManager : found templates/layout.vtl with loader org.apache.velocity.runtime.resource.loader.ClasspathResourceLoader
2017-11-16 10:18:32,215 - ResourceManager : found templates/layout.vtl with loader org.apache.velocity.runtime.resource.loader.ClasspathResourceLoader
2017-11-16 10:18:32,215 - ResourceManager : found templates/layout.vtl with loader org.apache.velocity.runtime.resource.loader.ClasspathResourceLoader
2017-11-16 10:18:32,216 - ResourceManager : found templates/testsingle.vtl with loader org.apache.velocity.runtime.resource.loader.ClasspathResourceLoader
2017-11-16 10:18:32,216 - ResourceManager : found templates/testsingle.vtl with loader org.apache.velocity.runtime.resource.loader.ClasspathResourceLoader
2017-11-16 10:18:32,216 - ResourceManager : found templates/testsingle.vtl with loader org.apache.velocity.runtime.resource.loader.ClasspathResourceLoader
2017-11-16 10:18:32,216 - ResourceManager : found templates/testsingle.vtl with loader org.apache.velocity.runtime.resource.loader.ClasspathResourceLoader
2017-11-16 10:18:42,666 - ResourceManager : found templates/layout.vtl with loader org.apache.velocity.runtime.resource.loader.ClasspathResourceLoader
2017-11-16 10:18:42,666 - ResourceManager : found templates/layout.vtl with loader org.apache.velocity.runtime.resource.loader.ClasspathResourceLoader
2017-11-16 10:18:42,666 - ResourceManager : found templates/layout.vtl with loader org.apache.velocity.runtime.resource.loader.ClasspathResourceLoader
2017-11-16 10:18:42,666 - ResourceManager : found templates/layout.vtl with loader org.apache.velocity.runtime.resource.loader.ClasspathResourceLoader
2017-11-16 10:18:42,673 - ResourceManager : found templates/resulttestsingle.vtl with loader org.apache.velocity.runtime.resource.loader.ClasspathResourceLoader
2017-11-16 10:18:42,673 - ResourceManager : found templates/resulttestsingle.vtl with loader org.apache.velocity.runtime.resource.loader.ClasspathResourceLoader
2017-11-16 10:18:42,673 - ResourceManager : found templates/resulttestsingle.vtl with loader org.apache.velocity.runtime.resource.loader.ClasspathResourceLoader
2017-11-16 10:18:42,673 - ResourceManager : found templates/resulttestsingle.vtl with loader org.apache.velocity.runtime.resource.loader.ClasspathResourceLoader
2017-11-16 10:18:55,832 - ResourceManager : found templates/layout.vtl with loader org.apache.velocity.runtime.resource.loader.ClasspathResourceLoader
2017-11-16 10:18:55,832 - ResourceManager : found templates/layout.vtl with loader org.apache.velocity.runtime.resource.loader.ClasspathResourceLoader
2017-11-16 10:18:55,832 - ResourceManager : found templates/layout.vtl with loader org.apache.velocity.runtime.resource.loader.ClasspathResourceLoader
2017-11-16 10:18:55,832 - ResourceManager : found templates/layout.vtl with loader org.apache.velocity.runtime.resource.loader.ClasspathResourceLoader
2017-11-16 10:18:55,832 - ResourceManager : found templates/testsingle.vtl with loader org.apache.velocity.runtime.resource.loader.ClasspathResourceLoader
2017-11-16 10:18:55,832 - ResourceManager : found templates/testsingle.vtl with loader org.apache.velocity.runtime.resource.loader.ClasspathResourceLoader
2017-11-16 10:18:55,832 - ResourceManager : found templates/testsingle.vtl with loader org.apache.velocity.runtime.resource.loader.ClasspathResourceLoader
2017-11-16 10:18:55,832 - ResourceManager : found templates/testsingle.vtl with loader org.apache.velocity.runtime.resource.loader.ClasspathResourceLoader
2017-11-16 10:19:05,970 - ResourceManager : found templates/layout.vtl with loader org.apache.velocity.runtime.resource.loader.ClasspathResourceLoader
2017-11-16 10:19:05,970 - ResourceManager : found templates/layout.vtl with loader org.apache.velocity.runtime.resource.loader.ClasspathResourceLoader
2017-11-16 10:19:05,970 - ResourceManager : found templates/layout.vtl with loader org.apache.velocity.runtime.resource.loader.ClasspathResourceLoader
2017-11-16 10:19:05,970 - ResourceManager : found templates/layout.vtl with loader org.apache.velocity.runtime.resource.loader.ClasspathResourceLoader
2017-11-16 10:19:05,971 - ResourceManager : found templates/resulttestsingle.vtl with loader org.apache.velocity.runtime.resource.loader.ClasspathResourceLoader
2017-11-16 10:19:05,971 - ResourceManager : found templates/resulttestsingle.vtl with loader org.apache.velocity.runtime.resource.loader.ClasspathResourceLoader
2017-11-16 10:19:05,971 - ResourceManager : found templates/resulttestsingle.vtl with loader org.apache.velocity.runtime.resource.loader.ClasspathResourceLoader
2017-11-16 10:19:05,971 - ResourceManager : found templates/resulttestsingle.vtl with loader org.apache.velocity.runtime.resource.loader.ClasspathResourceLoader
2017-11-16 10:19:08,990 - ResourceManager : found templates/layout.vtl with loader org.apache.velocity.runtime.resource.loader.ClasspathResourceLoader
2017-11-16 10:19:08,990 - ResourceManager : found templates/layout.vtl with loader org.apache.velocity.runtime.resource.loader.ClasspathResourceLoader
2017-11-16 10:19:08,990 - ResourceManager : found templates/layout.vtl with loader org.apache.velocity.runtime.resource.loader.ClasspathResourceLoader
2017-11-16 10:19:08,990 - ResourceManager : found templates/layout.vtl with loader org.apache.velocity.runtime.resource.loader.ClasspathResourceLoader
2017-11-16 10:19:08,991 - ResourceManager : found templates/testsingle.vtl with loader org.apache.velocity.runtime.resource.loader.ClasspathResourceLoader
2017-11-16 10:19:08,991 - ResourceManager : found templates/testsingle.vtl with loader org.apache.velocity.runtime.resource.loader.ClasspathResourceLoader
2017-11-16 10:19:08,991 - ResourceManager : found templates/testsingle.vtl with loader org.apache.velocity.runtime.resource.loader.ClasspathResourceLoader
2017-11-16 10:19:08,991 - ResourceManager : found templates/testsingle.vtl with loader org.apache.velocity.runtime.resource.loader.ClasspathResourceLoader
2017-11-16 10:19:21,519 - ResourceManager : found templates/layout.vtl with loader org.apache.velocity.runtime.resource.loader.ClasspathResourceLoader
2017-11-16 10:19:21,519 - ResourceManager : found templates/layout.vtl with loader org.apache.velocity.runtime.resource.loader.ClasspathResourceLoader
2017-11-16 10:19:21,519 - ResourceManager : found templates/layout.vtl with loader org.apache.velocity.runtime.resource.loader.ClasspathResourceLoader
2017-11-16 10:19:21,519 - ResourceManager : found templates/layout.vtl with loader org.apache.velocity.runtime.resource.loader.ClasspathResourceLoader
2017-11-16 10:19:21,520 - ResourceManager : found templates/resulttestsingle.vtl with loader org.apache.velocity.runtime.resource.loader.ClasspathResourceLoader
2017-11-16 10:19:21,520 - ResourceManager : found templates/resulttestsingle.vtl with loader org.apache.velocity.runtime.resource.loader.ClasspathResourceLoader
2017-11-16 10:19:21,520 - ResourceManager : found templates/resulttestsingle.vtl with loader org.apache.velocity.runtime.resource.loader.ClasspathResourceLoader
2017-11-16 10:19:21,520 - ResourceManager : found templates/resulttestsingle.vtl with loader org.apache.velocity.runtime.resource.loader.ClasspathResourceLoader
2017-11-16 10:19:25,410 - ResourceManager : found templates/layout.vtl with loader org.apache.velocity.runtime.resource.loader.ClasspathResourceLoader
2017-11-16 10:19:25,410 - ResourceManager : found templates/layout.vtl with loader org.apache.velocity.runtime.resource.loader.ClasspathResourceLoader
2017-11-16 10:19:25,410 - ResourceManager : found templates/layout.vtl with loader org.apache.velocity.runtime.resource.loader.ClasspathResourceLoader
2017-11-16 10:19:25,410 - ResourceManager : found templates/layout.vtl with loader org.apache.velocity.runtime.resource.loader.ClasspathResourceLoader
2017-11-16 10:19:25,411 - ResourceManager : found templates/testsingle.vtl with loader org.apache.velocity.runtime.resource.loader.ClasspathResourceLoader
2017-11-16 10:19:25,411 - ResourceManager : found templates/testsingle.vtl with loader org.apache.velocity.runtime.resource.loader.ClasspathResourceLoader
2017-11-16 10:19:25,411 - ResourceManager : found templates/testsingle.vtl with loader org.apache.velocity.runtime.resource.loader.ClasspathResourceLoader
2017-11-16 10:19:25,411 - ResourceManager : found templates/testsingle.vtl with loader org.apache.velocity.runtime.resource.loader.ClasspathResourceLoader
2017-11-16 10:34:42,755 - Log4JLogChute initialized using file 'velocity.log'
2017-11-16 10:34:42,769 - Initializing Velocity, Calling init()...
2017-11-16 10:34:42,769 - Starting Apache Velocity v1.7 (compiled: 2010-11-19 12:14:37)
2017-11-16 10:34:42,770 - Default Properties File: org/apache/velocity/runtime/defaults/velocity.properties
2017-11-16 10:34:42,770 - Trying to use logger class org.apache.velocity.runtime.log.AvalonLogChute
2017-11-16 10:34:42,770 - Target log system for org.apache.velocity.runtime.log.AvalonLogChute is not available (java.lang.NoClassDefFoundError: org/apache/log/format/Formatter).  Falling back to next log system...
2017-11-16 10:34:42,770 - Trying to use logger class org.apache.velocity.runtime.log.Log4JLogChute
2017-11-16 10:34:42,770 - Using logger class org.apache.velocity.runtime.log.Log4JLogChute
2017-11-16 10:34:42,795 - ResourceLoader instantiated: org.apache.velocity.runtime.resource.loader.ClasspathResourceLoader
2017-11-16 10:34:42,827 - ResourceCache: initialized (class org.apache.velocity.runtime.resource.ResourceCacheImpl) with class java.util.Collections$SynchronizedMap cache map.
2017-11-16 10:34:42,828 - Loaded System Directive: org.apache.velocity.runtime.directive.Stop
2017-11-16 10:34:42,829 - Loaded System Directive: org.apache.velocity.runtime.directive.Define
2017-11-16 10:34:42,829 - Loaded System Directive: org.apache.velocity.runtime.directive.Break
2017-11-16 10:34:42,830 - Loaded System Directive: org.apache.velocity.runtime.directive.Evaluate
2017-11-16 10:34:42,830 - Loaded System Directive: org.apache.velocity.runtime.directive.Literal
2017-11-16 10:34:42,831 - Loaded System Directive: org.apache.velocity.runtime.directive.Macro
2017-11-16 10:34:42,832 - Loaded System Directive: org.apache.velocity.runtime.directive.Parse
2017-11-16 10:34:42,833 - Loaded System Directive: org.apache.velocity.runtime.directive.Include
2017-11-16 10:34:42,834 - Loaded System Directive: org.apache.velocity.runtime.directive.Foreach
2017-11-16 10:34:42,859 - Created '20' parsers.
2017-11-16 10:34:42,864 - Velocimacro : "velocimacro.library" is not set.  Trying default library: VM_global_library.vm
2017-11-16 10:34:42,865 - Could not load resource 'VM_global_library.vm' from ResourceLoader org.apache.velocity.runtime.resource.loader.ClasspathResourceLoader: ClasspathResourceLoader Error: cannot find resource VM_global_library.vm
2017-11-16 10:34:42,865 - Velocimacro : Default library not found.
2017-11-16 10:34:42,865 - Velocimacro : allowInline = true : VMs can be defined inline in templates
2017-11-16 10:34:42,865 - Velocimacro : allowInlineToOverride = false : VMs defined inline may NOT replace previous VM definitions
2017-11-16 10:34:42,865 - Velocimacro : allowInlineLocal = false : VMs defined inline will be global in scope if allowed.
2017-11-16 10:34:42,865 - Velocimacro : autoload off : VM system will not automatically reload global library macros
2017-11-16 10:34:42,875 - ResourceManager : found templates/layout.vtl with loader org.apache.velocity.runtime.resource.loader.ClasspathResourceLoader
2017-11-16 10:34:42,877 - ResourceManager : found templates/testclassification.vtl with loader org.apache.velocity.runtime.resource.loader.ClasspathResourceLoader
2017-11-16 10:39:02,956 - Log4JLogChute initialized using file 'velocity.log'
2017-11-16 10:39:02,957 - Initializing Velocity, Calling init()...
2017-11-16 10:39:02,957 - Starting Apache Velocity v1.7 (compiled: 2010-11-19 12:14:37)
2017-11-16 10:39:02,957 - Default Properties File: org/apache/velocity/runtime/defaults/velocity.properties
2017-11-16 10:39:02,957 - Trying to use logger class org.apache.velocity.runtime.log.AvalonLogChute
2017-11-16 10:39:02,957 - Target log system for org.apache.velocity.runtime.log.AvalonLogChute is not available (java.lang.NoClassDefFoundError: org/apache/log/format/Formatter).  Falling back to next log system...
2017-11-16 10:39:02,957 - Trying to use logger class org.apache.velocity.runtime.log.Log4JLogChute
2017-11-16 10:39:02,957 - Using logger class org.apache.velocity.runtime.log.Log4JLogChute
2017-11-16 10:39:02,961 - ResourceLoader instantiated: org.apache.velocity.runtime.resource.loader.ClasspathResourceLoader
2017-11-16 10:39:02,973 - ResourceCache: initialized (class org.apache.velocity.runtime.resource.ResourceCacheImpl) with class java.util.Collections$SynchronizedMap cache map.
2017-11-16 10:39:02,976 - Loaded System Directive: org.apache.velocity.runtime.directive.Stop
2017-11-16 10:39:02,979 - Loaded System Directive: org.apache.velocity.runtime.directive.Define
2017-11-16 10:39:02,981 - Loaded System Directive: org.apache.velocity.runtime.directive.Break
2017-11-16 10:39:02,983 - Loaded System Directive: org.apache.velocity.runtime.directive.Evaluate
2017-11-16 10:39:02,984 - Loaded System Directive: org.apache.velocity.runtime.directive.Literal
2017-11-16 10:39:02,985 - Loaded System Directive: org.apache.velocity.runtime.directive.Macro
2017-11-16 10:39:02,988 - Loaded System Directive: org.apache.velocity.runtime.directive.Parse
2017-11-16 10:39:02,989 - Loaded System Directive: org.apache.velocity.runtime.directive.Include
2017-11-16 10:39:02,991 - Loaded System Directive: org.apache.velocity.runtime.directive.Foreach
2017-11-16 10:39:03,023 - Created '20' parsers.
2017-11-16 10:39:03,027 - Velocimacro : "velocimacro.library" is not set.  Trying default library: VM_global_library.vm
2017-11-16 10:39:03,028 - Could not load resource 'VM_global_library.vm' from ResourceLoader org.apache.velocity.runtime.resource.loader.ClasspathResourceLoader: ClasspathResourceLoader Error: cannot find resource VM_global_library.vm
2017-11-16 10:39:03,028 - Velocimacro : Default library not found.
2017-11-16 10:39:03,028 - Velocimacro : allowInline = true : VMs can be defined inline in templates
2017-11-16 10:39:03,028 - Velocimacro : allowInlineToOverride = false : VMs defined inline may NOT replace previous VM definitions
2017-11-16 10:39:03,028 - Velocimacro : allowInlineLocal = false : VMs defined inline will be global in scope if allowed.
2017-11-16 10:39:03,028 - Velocimacro : autoload off : VM system will not automatically reload global library macros
2017-11-16 10:39:03,038 - ResourceManager : found templates/layout.vtl with loader org.apache.velocity.runtime.resource.loader.ClasspathResourceLoader
2017-11-16 10:39:03,041 - ResourceManager : found templates/testclassification.vtl with loader org.apache.velocity.runtime.resource.loader.ClasspathResourceLoader
